<?xml version="1.0" encoding="UTF-8"?>
<testng-results skipped="0" failed="0" total="1" passed="1">
  <reporter-output>
  </reporter-output>
  <suite name="Default suite" duration-ms="47537" started-at="2018-06-14T05:10:06Z" finished-at="2018-06-14T05:10:54Z">
    <groups>
    </groups>
    <test name="Default test" duration-ms="47537" started-at="2018-06-14T05:10:06Z" finished-at="2018-06-14T05:10:54Z">
      <class name="tests.FindingCheapDarkBlinds">
        <test-method status="PASS" signature="findingCheapDarkBlinds()[pri:0, instance:tests.FindingCheapDarkBlinds@30b8a058]" name="findingCheapDarkBlinds" duration-ms="45703" started-at="2018-06-14T00:10:06Z" finished-at="2018-06-14T00:10:52Z">
          <reporter-output>
          </reporter-output>
        </test-method> <!-- findingCheapDarkBlinds -->
        <test-method status="PASS" signature="closeBrowser()[pri:0, instance:tests.FindingCheapDarkBlinds@30b8a058]" name="closeBrowser" is-config="true" duration-ms="1806" started-at="2018-06-14T00:10:52Z" finished-at="2018-06-14T00:10:54Z">
          <reporter-output>
          </reporter-output>
        </test-method> <!-- closeBrowser -->
      </class> <!-- tests.FindingCheapDarkBlinds -->
    </test> <!-- Default test -->
  </suite> <!-- Default suite -->
</testng-results>
