<?xml version="1.0" encoding="UTF-8"?>
<testng-results skipped="0" failed="0" total="1" passed="1">
  <reporter-output>
  </reporter-output>
  <suite name="Default suite" duration-ms="48250" started-at="2018-06-14T06:30:13Z" finished-at="2018-06-14T06:31:01Z">
    <groups>
    </groups>
    <test name="Default test" duration-ms="48250" started-at="2018-06-14T06:30:13Z" finished-at="2018-06-14T06:31:01Z">
      <class name="tests.FindingCheapDarkBlinds">
        <test-method status="PASS" signature="findingCheapDarkBlinds()[pri:0, instance:tests.FindingCheapDarkBlinds@30b8a058]" name="findingCheapDarkBlinds" duration-ms="45753" started-at="2018-06-14T01:30:13Z" finished-at="2018-06-14T01:30:59Z">
          <reporter-output>
          </reporter-output>
        </test-method> <!-- findingCheapDarkBlinds -->
        <test-method status="PASS" signature="closeBrowser()[pri:0, instance:tests.FindingCheapDarkBlinds@30b8a058]" name="closeBrowser" is-config="true" duration-ms="2428" started-at="2018-06-14T01:30:59Z" finished-at="2018-06-14T01:31:01Z">
          <reporter-output>
          </reporter-output>
        </test-method> <!-- closeBrowser -->
      </class> <!-- tests.FindingCheapDarkBlinds -->
    </test> <!-- Default test -->
  </suite> <!-- Default suite -->
</testng-results>
